29-Jul-2022 20:33:57.943 INFO [main] org.apache.catalina.startup.VersionLoggerListener.log 서버 버전 이름:    Apache Tomcat/9.0.65
29-Jul-2022 20:33:57.947 INFO [main] org.apache.catalina.startup.VersionLoggerListener.log Server 빌드 시각:  Jul 14 2022 12:28:53 UTC
29-Jul-2022 20:33:57.947 INFO [main] org.apache.catalina.startup.VersionLoggerListener.log Server 버전 번호:  9.0.65.0
29-Jul-2022 20:33:57.948 INFO [main] org.apache.catalina.startup.VersionLoggerListener.log 운영체제 이름:     Windows 10
29-Jul-2022 20:33:57.948 INFO [main] org.apache.catalina.startup.VersionLoggerListener.log 운영체제 버전:     10.0
29-Jul-2022 20:33:57.948 INFO [main] org.apache.catalina.startup.VersionLoggerListener.log 아키텍처:          amd64
29-Jul-2022 20:33:57.948 INFO [main] org.apache.catalina.startup.VersionLoggerListener.log 자바 홈:           C:\Program Files\Java\jdk-11.0.15.1
29-Jul-2022 20:33:57.948 INFO [main] org.apache.catalina.startup.VersionLoggerListener.log JVM 버전:          11.0.15.1+2-LTS-10
29-Jul-2022 20:33:57.948 INFO [main] org.apache.catalina.startup.VersionLoggerListener.log JVM 벤더:          Oracle Corporation
29-Jul-2022 20:33:57.948 INFO [main] org.apache.catalina.startup.VersionLoggerListener.log CATALINA_BASE:     D:\Lecture\apache-tomcat-9.0.65
29-Jul-2022 20:33:57.948 INFO [main] org.apache.catalina.startup.VersionLoggerListener.log CATALINA_HOME:     D:\Lecture\apache-tomcat-9.0.65
29-Jul-2022 20:33:57.955 INFO [main] org.apache.catalina.startup.VersionLoggerListener.log 명령 행 아규먼트:  --add-opens=java.base/java.lang=ALL-UNNAMED
29-Jul-2022 20:33:57.955 INFO [main] org.apache.catalina.startup.VersionLoggerListener.log 명령 행 아규먼트:  --add-opens=java.base/java.io=ALL-UNNAMED
29-Jul-2022 20:33:57.956 INFO [main] org.apache.catalina.startup.VersionLoggerListener.log 명령 행 아규먼트:  --add-opens=java.base/java.util=ALL-UNNAMED
29-Jul-2022 20:33:57.956 INFO [main] org.apache.catalina.startup.VersionLoggerListener.log 명령 행 아규먼트:  --add-opens=java.base/java.util.concurrent=ALL-UNNAMED
29-Jul-2022 20:33:57.956 INFO [main] org.apache.catalina.startup.VersionLoggerListener.log 명령 행 아규먼트:  --add-opens=java.rmi/sun.rmi.transport=ALL-UNNAMED
29-Jul-2022 20:33:57.959 INFO [main] org.apache.catalina.startup.VersionLoggerListener.log 명령 행 아규먼트:  -Djava.util.logging.config.file=D:\Lecture\apache-tomcat-9.0.65\conf\logging.properties
29-Jul-2022 20:33:57.959 INFO [main] org.apache.catalina.startup.VersionLoggerListener.log 명령 행 아규먼트:  -Djava.util.logging.manager=org.apache.juli.ClassLoaderLogManager
29-Jul-2022 20:33:57.959 INFO [main] org.apache.catalina.startup.VersionLoggerListener.log 명령 행 아규먼트:  -Djdk.tls.ephemeralDHKeySize=2048
29-Jul-2022 20:33:57.959 INFO [main] org.apache.catalina.startup.VersionLoggerListener.log 명령 행 아규먼트:  -Djava.protocol.handler.pkgs=org.apache.catalina.webresources
29-Jul-2022 20:33:57.960 INFO [main] org.apache.catalina.startup.VersionLoggerListener.log 명령 행 아규먼트:  -Dignore.endorsed.dirs=
29-Jul-2022 20:33:57.960 INFO [main] org.apache.catalina.startup.VersionLoggerListener.log 명령 행 아규먼트:  -Dcatalina.base=D:\Lecture\apache-tomcat-9.0.65
29-Jul-2022 20:33:57.960 INFO [main] org.apache.catalina.startup.VersionLoggerListener.log 명령 행 아규먼트:  -Dcatalina.home=D:\Lecture\apache-tomcat-9.0.65
29-Jul-2022 20:33:57.960 INFO [main] org.apache.catalina.startup.VersionLoggerListener.log 명령 행 아규먼트:  -Djava.io.tmpdir=D:\Lecture\apache-tomcat-9.0.65\temp
29-Jul-2022 20:33:57.972 INFO [main] org.apache.catalina.core.AprLifecycleListener.lifecycleEvent APR 버전 [1.7.0]을(를) 사용한, APR 기반 Apache Tomcat Native 라이브러리 [1.2.35]을(를) 로드했습니다.
29-Jul-2022 20:33:57.977 INFO [main] org.apache.catalina.core.AprLifecycleListener.lifecycleEvent APR 용량정보들: IPv6 [true], sendfile [true], accept filters [false], random [true], UDS [true].
29-Jul-2022 20:33:57.977 INFO [main] org.apache.catalina.core.AprLifecycleListener.lifecycleEvent APR/OpenSSL 설정: useAprConnector [false], useOpenSSL [true]
29-Jul-2022 20:33:57.979 INFO [main] org.apache.catalina.core.AprLifecycleListener.initializeSSL OpenSSL이 성공적으로 초기화되었습니다: [OpenSSL 1.1.1q  5 Jul 2022]
29-Jul-2022 20:33:58.127 INFO [main] org.apache.coyote.AbstractProtocol.init 프로토콜 핸들러 ["http-nio-8080"]을(를) 초기화합니다.
29-Jul-2022 20:33:58.142 INFO [main] org.apache.catalina.startup.Catalina.load [321] 밀리초 내에 서버가 초기화되었습니다.
29-Jul-2022 20:33:58.182 INFO [main] org.apache.catalina.core.StandardService.startInternal 서비스 [Catalina]을(를) 시작합니다.
29-Jul-2022 20:33:58.184 INFO [main] org.apache.catalina.core.StandardEngine.startInternal 서버 엔진을 시작합니다: [Apache Tomcat/9.0.65]
29-Jul-2022 20:33:58.189 INFO [main] org.apache.catalina.startup.HostConfig.deployDirectory 웹 애플리케이션 디렉토리 [D:\Lecture\apache-tomcat-9.0.65\webapps\docs]을(를) 배치합니다.
29-Jul-2022 20:33:58.366 INFO [main] org.apache.catalina.startup.HostConfig.deployDirectory 웹 애플리케이션 디렉토리 [D:\Lecture\apache-tomcat-9.0.65\webapps\docs]에 대한 배치가 [176] 밀리초에 완료되었습니다.
29-Jul-2022 20:33:58.367 INFO [main] org.apache.catalina.startup.HostConfig.deployDirectory 웹 애플리케이션 디렉토리 [D:\Lecture\apache-tomcat-9.0.65\webapps\examples]을(를) 배치합니다.
29-Jul-2022 20:33:58.504 INFO [main] org.apache.catalina.startup.HostConfig.deployDirectory 웹 애플리케이션 디렉토리 [D:\Lecture\apache-tomcat-9.0.65\webapps\examples]에 대한 배치가 [137] 밀리초에 완료되었습니다.
29-Jul-2022 20:33:58.505 INFO [main] org.apache.catalina.startup.HostConfig.deployDirectory 웹 애플리케이션 디렉토리 [D:\Lecture\apache-tomcat-9.0.65\webapps\host-manager]을(를) 배치합니다.
29-Jul-2022 20:33:58.525 INFO [main] org.apache.catalina.startup.HostConfig.deployDirectory 웹 애플리케이션 디렉토리 [D:\Lecture\apache-tomcat-9.0.65\webapps\host-manager]에 대한 배치가 [20] 밀리초에 완료되었습니다.
29-Jul-2022 20:33:58.526 INFO [main] org.apache.catalina.startup.HostConfig.deployDirectory 웹 애플리케이션 디렉토리 [D:\Lecture\apache-tomcat-9.0.65\webapps\manager]을(를) 배치합니다.
29-Jul-2022 20:33:58.541 INFO [main] org.apache.catalina.startup.HostConfig.deployDirectory 웹 애플리케이션 디렉토리 [D:\Lecture\apache-tomcat-9.0.65\webapps\manager]에 대한 배치가 [16] 밀리초에 완료되었습니다.
29-Jul-2022 20:33:58.541 INFO [main] org.apache.catalina.startup.HostConfig.deployDirectory 웹 애플리케이션 디렉토리 [D:\Lecture\apache-tomcat-9.0.65\webapps\ROOT]을(를) 배치합니다.
29-Jul-2022 20:33:58.552 INFO [main] org.apache.catalina.startup.HostConfig.deployDirectory 웹 애플리케이션 디렉토리 [D:\Lecture\apache-tomcat-9.0.65\webapps\ROOT]에 대한 배치가 [11] 밀리초에 완료되었습니다.
29-Jul-2022 20:33:58.555 INFO [main] org.apache.coyote.AbstractProtocol.start 프로토콜 핸들러 ["http-nio-8080"]을(를) 시작합니다.
29-Jul-2022 20:33:58.590 INFO [main] org.apache.catalina.startup.Catalina.start 서버가 [447] 밀리초 내에 시작되었습니다.
29-Jul-2022 20:37:20.497 INFO [main] org.apache.catalina.core.StandardServer.await 셧다운 포트를 통해 유효한 셧다운 명령을 받았습니다. 서버 인스턴스를 중지시킵니다.
29-Jul-2022 20:37:20.498 INFO [main] org.apache.coyote.AbstractProtocol.pause 프로토콜 핸들러 ["http-nio-8080"]을(를) 일시 정지 중
29-Jul-2022 20:37:20.519 INFO [main] org.apache.catalina.core.StandardService.stopInternal 서비스 [Catalina]을(를) 중지시킵니다.
29-Jul-2022 20:37:20.535 INFO [main] org.apache.coyote.AbstractProtocol.stop 프로토콜 핸들러 ["http-nio-8080"]을(를) 중지시킵니다.
29-Jul-2022 20:37:20.544 INFO [main] org.apache.coyote.AbstractProtocol.destroy 프로토콜 핸들러 ["http-nio-8080"]을(를) 소멸시킵니다.
29-Jul-2022 20:41:30.815 INFO [main] org.apache.catalina.startup.VersionLoggerListener.log 서버 버전 이름:    Apache Tomcat/9.0.65
29-Jul-2022 20:41:30.818 INFO [main] org.apache.catalina.startup.VersionLoggerListener.log Server 빌드 시각:  Jul 14 2022 12:28:53 UTC
29-Jul-2022 20:41:30.818 INFO [main] org.apache.catalina.startup.VersionLoggerListener.log Server 버전 번호:  9.0.65.0
29-Jul-2022 20:41:30.819 INFO [main] org.apache.catalina.startup.VersionLoggerListener.log 운영체제 이름:     Windows 10
29-Jul-2022 20:41:30.819 INFO [main] org.apache.catalina.startup.VersionLoggerListener.log 운영체제 버전:     10.0
29-Jul-2022 20:41:30.819 INFO [main] org.apache.catalina.startup.VersionLoggerListener.log 아키텍처:          amd64
29-Jul-2022 20:41:30.819 INFO [main] org.apache.catalina.startup.VersionLoggerListener.log 자바 홈:           C:\Program Files\Java\jdk-11.0.15.1
29-Jul-2022 20:41:30.819 INFO [main] org.apache.catalina.startup.VersionLoggerListener.log JVM 버전:          11.0.15.1+2-LTS-10
29-Jul-2022 20:41:30.819 INFO [main] org.apache.catalina.startup.VersionLoggerListener.log JVM 벤더:          Oracle Corporation
29-Jul-2022 20:41:30.819 INFO [main] org.apache.catalina.startup.VersionLoggerListener.log CATALINA_BASE:     D:\Lecture\apache-tomcat-9.0.65
29-Jul-2022 20:41:30.819 INFO [main] org.apache.catalina.startup.VersionLoggerListener.log CATALINA_HOME:     D:\Lecture\apache-tomcat-9.0.65
29-Jul-2022 20:41:30.826 INFO [main] org.apache.catalina.startup.VersionLoggerListener.log 명령 행 아규먼트:  --add-opens=java.base/java.lang=ALL-UNNAMED
29-Jul-2022 20:41:30.826 INFO [main] org.apache.catalina.startup.VersionLoggerListener.log 명령 행 아규먼트:  --add-opens=java.base/java.io=ALL-UNNAMED
29-Jul-2022 20:41:30.826 INFO [main] org.apache.catalina.startup.VersionLoggerListener.log 명령 행 아규먼트:  --add-opens=java.base/java.util=ALL-UNNAMED
29-Jul-2022 20:41:30.826 INFO [main] org.apache.catalina.startup.VersionLoggerListener.log 명령 행 아규먼트:  --add-opens=java.base/java.util.concurrent=ALL-UNNAMED
29-Jul-2022 20:41:30.827 INFO [main] org.apache.catalina.startup.VersionLoggerListener.log 명령 행 아규먼트:  --add-opens=java.rmi/sun.rmi.transport=ALL-UNNAMED
29-Jul-2022 20:41:30.827 INFO [main] org.apache.catalina.startup.VersionLoggerListener.log 명령 행 아규먼트:  -Djava.util.logging.config.file=D:\Lecture\apache-tomcat-9.0.65\conf\logging.properties
29-Jul-2022 20:41:30.827 INFO [main] org.apache.catalina.startup.VersionLoggerListener.log 명령 행 아규먼트:  -Djava.util.logging.manager=org.apache.juli.ClassLoaderLogManager
29-Jul-2022 20:41:30.828 INFO [main] org.apache.catalina.startup.VersionLoggerListener.log 명령 행 아규먼트:  -Djdk.tls.ephemeralDHKeySize=2048
29-Jul-2022 20:41:30.828 INFO [main] org.apache.catalina.startup.VersionLoggerListener.log 명령 행 아규먼트:  -Djava.protocol.handler.pkgs=org.apache.catalina.webresources
29-Jul-2022 20:41:30.828 INFO [main] org.apache.catalina.startup.VersionLoggerListener.log 명령 행 아규먼트:  -Dignore.endorsed.dirs=
29-Jul-2022 20:41:30.828 INFO [main] org.apache.catalina.startup.VersionLoggerListener.log 명령 행 아규먼트:  -Dcatalina.base=D:\Lecture\apache-tomcat-9.0.65
29-Jul-2022 20:41:30.828 INFO [main] org.apache.catalina.startup.VersionLoggerListener.log 명령 행 아규먼트:  -Dcatalina.home=D:\Lecture\apache-tomcat-9.0.65
29-Jul-2022 20:41:30.829 INFO [main] org.apache.catalina.startup.VersionLoggerListener.log 명령 행 아규먼트:  -Djava.io.tmpdir=D:\Lecture\apache-tomcat-9.0.65\temp
29-Jul-2022 20:41:30.831 INFO [main] org.apache.catalina.core.AprLifecycleListener.lifecycleEvent APR 버전 [1.7.0]을(를) 사용한, APR 기반 Apache Tomcat Native 라이브러리 [1.2.35]을(를) 로드했습니다.
29-Jul-2022 20:41:30.831 INFO [main] org.apache.catalina.core.AprLifecycleListener.lifecycleEvent APR 용량정보들: IPv6 [true], sendfile [true], accept filters [false], random [true], UDS [true].
29-Jul-2022 20:41:30.831 INFO [main] org.apache.catalina.core.AprLifecycleListener.lifecycleEvent APR/OpenSSL 설정: useAprConnector [false], useOpenSSL [true]
29-Jul-2022 20:41:30.835 INFO [main] org.apache.catalina.core.AprLifecycleListener.initializeSSL OpenSSL이 성공적으로 초기화되었습니다: [OpenSSL 1.1.1q  5 Jul 2022]
29-Jul-2022 20:41:30.985 INFO [main] org.apache.coyote.AbstractProtocol.init 프로토콜 핸들러 ["http-nio-80"]을(를) 초기화합니다.
29-Jul-2022 20:41:31.000 INFO [main] org.apache.catalina.startup.Catalina.load [309] 밀리초 내에 서버가 초기화되었습니다.
29-Jul-2022 20:41:31.035 INFO [main] org.apache.catalina.core.StandardService.startInternal 서비스 [Catalina]을(를) 시작합니다.
29-Jul-2022 20:41:31.036 INFO [main] org.apache.catalina.core.StandardEngine.startInternal 서버 엔진을 시작합니다: [Apache Tomcat/9.0.65]
29-Jul-2022 20:41:31.041 INFO [main] org.apache.catalina.startup.HostConfig.deployDirectory 웹 애플리케이션 디렉토리 [D:\Lecture\apache-tomcat-9.0.65\webapps\docs]을(를) 배치합니다.
29-Jul-2022 20:41:31.230 INFO [main] org.apache.catalina.startup.HostConfig.deployDirectory 웹 애플리케이션 디렉토리 [D:\Lecture\apache-tomcat-9.0.65\webapps\docs]에 대한 배치가 [188] 밀리초에 완료되었습니다.
29-Jul-2022 20:41:31.231 INFO [main] org.apache.catalina.startup.HostConfig.deployDirectory 웹 애플리케이션 디렉토리 [D:\Lecture\apache-tomcat-9.0.65\webapps\examples]을(를) 배치합니다.
29-Jul-2022 20:41:31.371 INFO [main] org.apache.catalina.startup.HostConfig.deployDirectory 웹 애플리케이션 디렉토리 [D:\Lecture\apache-tomcat-9.0.65\webapps\examples]에 대한 배치가 [140] 밀리초에 완료되었습니다.
29-Jul-2022 20:41:31.372 INFO [main] org.apache.catalina.startup.HostConfig.deployDirectory 웹 애플리케이션 디렉토리 [D:\Lecture\apache-tomcat-9.0.65\webapps\host-manager]을(를) 배치합니다.
29-Jul-2022 20:41:31.393 INFO [main] org.apache.catalina.startup.HostConfig.deployDirectory 웹 애플리케이션 디렉토리 [D:\Lecture\apache-tomcat-9.0.65\webapps\host-manager]에 대한 배치가 [20] 밀리초에 완료되었습니다.
29-Jul-2022 20:41:31.393 INFO [main] org.apache.catalina.startup.HostConfig.deployDirectory 웹 애플리케이션 디렉토리 [D:\Lecture\apache-tomcat-9.0.65\webapps\manager]을(를) 배치합니다.
29-Jul-2022 20:41:31.409 INFO [main] org.apache.catalina.startup.HostConfig.deployDirectory 웹 애플리케이션 디렉토리 [D:\Lecture\apache-tomcat-9.0.65\webapps\manager]에 대한 배치가 [16] 밀리초에 완료되었습니다.
29-Jul-2022 20:41:31.409 INFO [main] org.apache.catalina.startup.HostConfig.deployDirectory 웹 애플리케이션 디렉토리 [D:\Lecture\apache-tomcat-9.0.65\webapps\ROOT]을(를) 배치합니다.
29-Jul-2022 20:41:31.421 INFO [main] org.apache.catalina.startup.HostConfig.deployDirectory 웹 애플리케이션 디렉토리 [D:\Lecture\apache-tomcat-9.0.65\webapps\ROOT]에 대한 배치가 [11] 밀리초에 완료되었습니다.
29-Jul-2022 20:41:31.423 INFO [main] org.apache.coyote.AbstractProtocol.start 프로토콜 핸들러 ["http-nio-80"]을(를) 시작합니다.
29-Jul-2022 20:41:31.460 INFO [main] org.apache.catalina.startup.Catalina.start 서버가 [458] 밀리초 내에 시작되었습니다.
29-Jul-2022 21:07:55.936 INFO [main] org.apache.catalina.core.StandardServer.await 셧다운 포트를 통해 유효한 셧다운 명령을 받았습니다. 서버 인스턴스를 중지시킵니다.
29-Jul-2022 21:07:55.938 INFO [main] org.apache.coyote.AbstractProtocol.pause 프로토콜 핸들러 ["http-nio-80"]을(를) 일시 정지 중
29-Jul-2022 21:07:55.957 INFO [main] org.apache.catalina.core.StandardService.stopInternal 서비스 [Catalina]을(를) 중지시킵니다.
29-Jul-2022 21:07:55.969 INFO [main] org.apache.coyote.AbstractProtocol.stop 프로토콜 핸들러 ["http-nio-80"]을(를) 중지시킵니다.
29-Jul-2022 21:07:55.995 INFO [main] org.apache.coyote.AbstractProtocol.destroy 프로토콜 핸들러 ["http-nio-80"]을(를) 소멸시킵니다.
